### Задание: ###

Секционировать большую таблицу из демо базы flights

### Выполнение задания: ###

Создаем таблицу с секционированиеv по диапазону, указываем поле по которому будем делить данные по секциям - scheduled_departure

        create table flights_range (
            flight_id serial4 NOT NULL,
            flight_no bpchar(6) NOT NULL,
            scheduled_departure timestamptz NOT NULL,
            scheduled_arrival timestamptz NOT NULL,
            departure_airport bpchar(3) NOT NULL,
            arrival_airport bpchar(3) NOT NULL,
            status varchar(20) NOT NULL,
            aircraft_code bpchar(3) NOT NULL,
            actual_departure timestamptz NULL,
            actual_arrival timestamptz NULL
        ) partition by range (scheduled_departure);

Создаем по секции по месяцам:

        create table flights_range_07_17 partition of flights_range for values from ('2017-07-01'::timestamptz) to ('2017-08-01'::timestamptz);
        create table flights_range_08_17 partition of flights_range for values from ('2017-08-01'::timestamptz) to ('2017-09-01'::timestamptz);
        create table flights_range_09_17 partition of flights_range for values from ('2017-09-01'::timestamptz) to ('2017-10-01'::timestamptz);

Наполняем таблицу flights_range данными из таблицы flights

        insert into flights_range select * from flights;

Выбираем данные по всей таблице, смотрим план запроса:

        explain
        select * from flights_range;

Видим что при выборке данных мы прошлись по всем созданными нами партициям:

        Append  (cost=0.00..636.31 rows=16154 width=170)
        ->  Seq Scan on flights_range_07_17 flights_range_1  (cost=0.00..152.28 rows=4428 width=170)
        ->  Seq Scan on flights_range_08_17 flights_range_2  (cost=0.00..280.59 rows=8159 width=170)
        ->  Seq Scan on flights_range_09_17 flights_range_3  (cost=0.00..122.67 rows=3567 width=170)

Выгрузим с условием: 

        explain
        select * from flights_range where scheduled_departure >='2017-08-20'::timestamptz;

Видим что теперь мы ищем по двум партициям flights_range_08_17 и flights_range_09_17, так как заданный диапазон поиска хранится именно в них

        Append  (cost=0.00..662.29 rows=14181 width=64)
        ->  Seq Scan on flights_range_08_17 flights_range_1  (cost=0.00..409.44 rows=6586 width=63)
                Filter: (scheduled_departure >= '2017-08-20 00:00:00+03'::timestamp with time zone)
        ->  Seq Scan on flights_range_09_17 flights_range_2  (cost=0.00..181.95 rows=7595 width=65)
                Filter: (scheduled_departure >= '2017-08-20 00:00:00+03'::timestamp with time zone)
 

При этом если сделать выборку только из таблицы flights_range, то данных не будет

        select * from only flights_range;

        flight_id | flight_no | scheduled_departure | scheduled_arrival | departure_airport | arrival_airport | status | aircraft_code | actual_departure | actual_arrival
        -----------+-----------+---------------------+-------------------+-------------------+-----------------+--------+---------------+------------------+----------------
        (0 rows)

Посмотрим сколько записей разместилось в каких из партициях:

        SELECT tableoid::regclass,min(scheduled_departure),max(scheduled_departure), count(*) FROM flights_range GROUP BY tableoid;

            tableoid       |          min           |          max           | count
        ---------------------+------------------------+------------------------+-------
        flights_range_09_17 | 2017-08-31 23:45:00+00 | 2017-09-14 17:55:00+00 |  7596
        flights_range_08_17 | 2017-07-31 23:45:00+00 | 2017-08-31 17:55:00+00 | 16835
        flights_range_07_17 | 2017-07-15 22:50:00+00 | 2017-07-31 17:55:00+00 |  8690
        (3 rows)

Таким образом мы сделали секционированную таблицу по диапазону значений, в данном случае по диапазону дат поля scheduled_departure



Теперь создадим секционированную таблицу, с секционированием по хэшу

        create table flights_hash (
            flight_id serial4 NOT NULL,
            flight_no bpchar(6) NOT NULL,
            scheduled_departure timestamptz NOT NULL,
            scheduled_arrival timestamptz NOT NULL,
            departure_airport bpchar(3) NOT NULL,
            arrival_airport bpchar(3) NOT NULL,
            status varchar(20) NOT NULL,
            aircraft_code bpchar(3) NOT NULL,
            actual_departure timestamptz NULL,
            actual_arrival timestamptz NULL
        ) partition by hash (flight_id);

Нарезаем партиции:

        create table flights_hash1 partition of flights_hash for values with (modulus 4, remainder 0);
        create table flights_hash2 partition of flights_hash for values with (modulus 4, remainder 1);
        create table flights_hash3 partition of flights_hash for values with (modulus 4, remainder 2);
        create table flights_hash4 partition of flights_hash for values with (modulus 4, remainder 3);

И наполняем таблицу flights_hash данными из таблицы flights

        insert into flights_hash select * from flights;

Смотрим план запросы при выборки всей таблицы:

        explain
        select * from flights_hash;

        Append  (cost=0.00..890.81 rows=33121 width=63)
        ->  Seq Scan on flights_hash1 flights_hash_1  (cost=0.00..182.06 rows=8306 width=63)
        ->  Seq Scan on flights_hash2 flights_hash_2  (cost=0.00..182.02 rows=8302 width=63)
        ->  Seq Scan on flights_hash3 flights_hash_3  (cost=0.00..182.23 rows=8323 width=63)
        ->  Seq Scan on flights_hash4 flights_hash_4  (cost=0.00..178.90 rows=8190 width=63)

Теперь по конкртеному flight_id:

        explain 
        select * from flights_hash where flight_id = 29440;

        Seq Scan on flights_hash1 flights_hash  (cost=0.00..202.82 rows=1 width=63)
        Filter: (flight_id = 29440)

И с условием больше или равно:

        explain 
        select * from flights_hash where flight_id >= 29440;

        Append  (cost=0.00..826.43 rows=3684 width=63)
        ->  Seq Scan on flights_hash1 flights_hash_1  (cost=0.00..202.82 rows=916 width=63)
                Filter: (flight_id >= 29440)
        ->  Seq Scan on flights_hash2 flights_hash_2  (cost=0.00..202.78 rows=899 width=63)
                Filter: (flight_id >= 29440)
        ->  Seq Scan on flights_hash3 flights_hash_3  (cost=0.00..203.04 rows=923 width=63)
                Filter: (flight_id >= 29440)
        ->  Seq Scan on flights_hash4 flights_hash_4  (cost=0.00..199.38 rows=946 width=63)
                Filter: (flight_id >= 29440)
 
Видим что при секционировании по хешу выборка из конкретной партиции былет в случае если указываем равенство, в других случаях поиск будет производиться по всем секциям

Так же посмотрим как распределились данные по партициям: 

        SELECT tableoid::regclass, count(*) FROM flights_hash GROUP BY tableoid;

        tableoid    | count
        ---------------+-------
        flights_hash4 |  8190
        flights_hash3 |  8323
        flights_hash2 |  8302
        flights_hash1 |  8306
        (4 rows)
        
Т.е. при таком способом секционирования мы получаем примерно равномерное распределение данных между секциями.


### Конец! ###

### Спасибо за внимание! ###

#### Автор - Кравченко Денис ####    
